<testsuites id="" name="" tests="3" failures="1" skipped="0" errors="0" time="33.063273">
<testsuite name="pruebaValiQC.spec.ts" timestamp="2024-05-06T16:35:52.914Z" hostname="chromium" tests="3" failures="1" skipped="0" time="59.2" errors="0">
<testcase name="Login ValiQC" classname="pruebaValiQC.spec.ts" time="7.09">
<system-out>
<![CDATA[
[[ATTACHMENT|..\test-results\pruebaValiQC-Login-ValiQC-chromium\video.webm]]
]]>
</system-out>
</testcase>
<testcase name="Automatizacion completa ValiQC" classname="pruebaValiQC.spec.ts" time="30.559">
<failure message="pruebaValiQC.spec.ts:17:5 Automatizacion completa ValiQC" type="FAILURE">
<![CDATA[  [chromium] › pruebaValiQC.spec.ts:17:5 › Automatizacion completa ValiQC ──────────────────────────

    Test timeout of 30000ms exceeded.

    Error: locator.click: Test timeout of 30000ms exceeded.
    Call log:
      - waiting for getByText('Crear')
      -   locator resolved to <button type="button" aria-hidden="true" _ngcontent-aij-…>Crear</button>
      - attempting click action
      -   waiting for element to be visible, enabled and stable
      -   element is not visible
      - retrying click action, attempt #1
      -   waiting for element to be visible, enabled and stable
      -   element is not visible
      - retrying click action, attempt #2
      -   waiting 20ms
      -   waiting for element to be visible, enabled and stable
      -   element is not visible
      - retrying click action, attempt #3
      -   waiting 100ms
      -   waiting for element to be visible, enabled and stable
      -   element is not visible
      - retrying click action, attempt #4
      -   waiting 100ms
      -   waiting for element to be visible, enabled and stable
      -   element is not visible
      - retrying click action, attempt #5
      -   waiting 500ms
      -   waiting for element to be visible, enabled and stable
      -   element is not visible
      - retrying click action, attempt #6
      -   waiting 500ms
      -   waiting for element to be visible, enabled and stable
      -   element is not visible
      - retrying click action, attempt #7
      -   waiting 500ms
      -   waiting for element to be visible, enabled and stable
      -   element is not visible
      - retrying click action, attempt #8
      -   waiting 500ms
      -   waiting for element to be visible, enabled and stable
      -   element is not visible
      - retrying click action, attempt #9
      -   waiting 500ms


      38 |   // Inicia Crear Lote
      39 |   await page.getByText('Lotes').first().click();
    > 40 |   await page.getByText('Crear').click();
         |                                 ^
      41 |   await page.getByLabel('N° lote *').click();
      42 |   await page.getByLabel('N° lote *').fill('999 Auto');
      43 |   await page.getByLabel('Fecha de vencimiento *').click();

        at c:\ws\stream\Full-ValiQC\tests\pruebaValiQC.spec.ts:40:33

    attachment #1: video (video/webm) ──────────────────────────────────────────────────────────────
    test-results\pruebaValiQC-Automatizacion-completa-ValiQC-chromium\video.webm
    ────────────────────────────────────────────────────────────────────────────────────────────────
]]>
</failure>
<system-out>
<![CDATA[
[[ATTACHMENT|..\test-results\pruebaValiQC-Automatizacion-completa-ValiQC-chromium\video.webm]]
]]>
</system-out>
</testcase>
<testcase name="Crear Analito Cuanti CCI" classname="pruebaValiQC.spec.ts" time="21.551">
<system-out>
<![CDATA[
[[ATTACHMENT|..\test-results\pruebaValiQC-Crear-Analito-Cuanti-CCI-chromium\video.webm]]
]]>
</system-out>
</testcase>
</testsuite>
</testsuites>